mode: set
github.comcast.com/viper-sde/pipeline/decorator.go:24.39,25.14 1 1
github.comcast.com/viper-sde/pipeline/decorator.go:25.14,27.3 1 1
github.comcast.com/viper-sde/pipeline/decorator.go:27.3,29.3 1 1
github.comcast.com/viper-sde/pipeline/decorator.go:32.32,39.16 4 0
github.comcast.com/viper-sde/pipeline/decorator.go:43.2,45.28 2 0
github.comcast.com/viper-sde/pipeline/decorator.go:55.2,55.28 1 0
github.comcast.com/viper-sde/pipeline/decorator.go:39.16,42.3 2 0
github.comcast.com/viper-sde/pipeline/decorator.go:45.28,53.3 3 0
github.comcast.com/viper-sde/pipeline/decorator.go:55.28,56.10 1 0
github.comcast.com/viper-sde/pipeline/decorator.go:57.3,58.33 1 0
github.comcast.com/viper-sde/pipeline/decorator.go:59.3,60.31 1 0
github.comcast.com/viper-sde/pipeline/decorator.go:61.3,63.31 2 0
github.comcast.com/viper-sde/pipeline/decorator.go:68.32,74.16 4 0
github.comcast.com/viper-sde/pipeline/decorator.go:79.2,81.16 3 0
github.comcast.com/viper-sde/pipeline/decorator.go:85.2,88.6 3 0
github.comcast.com/viper-sde/pipeline/decorator.go:74.16,77.3 2 0
github.comcast.com/viper-sde/pipeline/decorator.go:81.16,84.3 2 0
github.comcast.com/viper-sde/pipeline/decorator.go:88.6,89.10 1 0
github.comcast.com/viper-sde/pipeline/decorator.go:90.3,92.54 2 0
github.comcast.com/viper-sde/pipeline/decorator.go:93.3,95.38 2 0
github.comcast.com/viper-sde/pipeline/decorator.go:102.13,111.16 5 0
github.comcast.com/viper-sde/pipeline/decorator.go:115.2,119.16 4 0
github.comcast.com/viper-sde/pipeline/decorator.go:124.2,124.35 1 0
github.comcast.com/viper-sde/pipeline/decorator.go:128.2,132.29 4 0
github.comcast.com/viper-sde/pipeline/decorator.go:111.16,114.3 2 0
github.comcast.com/viper-sde/pipeline/decorator.go:119.16,122.3 2 0
github.comcast.com/viper-sde/pipeline/decorator.go:124.35,126.3 1 0
