mode: set
github.comcast.com/viper-sde/pipeline/decorator.go:26.39,27.14 1 1
github.comcast.com/viper-sde/pipeline/decorator.go:27.14,29.3 1 1
github.comcast.com/viper-sde/pipeline/decorator.go:29.3,31.3 1 1
github.comcast.com/viper-sde/pipeline/decorator.go:34.32,41.16 4 0
github.comcast.com/viper-sde/pipeline/decorator.go:45.2,47.28 2 0
github.comcast.com/viper-sde/pipeline/decorator.go:57.2,57.28 1 0
github.comcast.com/viper-sde/pipeline/decorator.go:41.16,44.3 2 0
github.comcast.com/viper-sde/pipeline/decorator.go:47.28,55.3 3 0
github.comcast.com/viper-sde/pipeline/decorator.go:57.28,58.10 1 0
github.comcast.com/viper-sde/pipeline/decorator.go:59.3,60.33 1 0
github.comcast.com/viper-sde/pipeline/decorator.go:61.3,62.31 1 0
github.comcast.com/viper-sde/pipeline/decorator.go:63.3,65.31 2 0
github.comcast.com/viper-sde/pipeline/decorator.go:70.32,76.16 4 0
github.comcast.com/viper-sde/pipeline/decorator.go:81.2,83.16 3 0
github.comcast.com/viper-sde/pipeline/decorator.go:87.2,90.6 3 0
github.comcast.com/viper-sde/pipeline/decorator.go:76.16,79.3 2 0
github.comcast.com/viper-sde/pipeline/decorator.go:83.16,86.3 2 0
github.comcast.com/viper-sde/pipeline/decorator.go:90.6,91.10 1 0
github.comcast.com/viper-sde/pipeline/decorator.go:92.3,96.18 3 0
github.comcast.com/viper-sde/pipeline/decorator.go:105.3,107.38 1 0
github.comcast.com/viper-sde/pipeline/decorator.go:96.18,98.5 1 0
github.comcast.com/viper-sde/pipeline/decorator.go:98.5,99.37 1 0
github.comcast.com/viper-sde/pipeline/decorator.go:99.37,102.6 2 0
github.comcast.com/viper-sde/pipeline/decorator.go:114.13,123.16 5 0
github.comcast.com/viper-sde/pipeline/decorator.go:127.2,131.16 4 0
github.comcast.com/viper-sde/pipeline/decorator.go:136.2,136.35 1 0
github.comcast.com/viper-sde/pipeline/decorator.go:141.2,144.6 3 0
github.comcast.com/viper-sde/pipeline/decorator.go:123.16,126.3 2 0
github.comcast.com/viper-sde/pipeline/decorator.go:131.16,134.3 2 0
github.comcast.com/viper-sde/pipeline/decorator.go:136.35,138.3 1 0
github.comcast.com/viper-sde/pipeline/decorator.go:144.6,146.3 1 0
