mode: set
pipeline/plexus/plexus_processor.go:35.13,37.14 2 0
pipeline/plexus/plexus_processor.go:37.14,40.6 2 0
pipeline/plexus/plexus_processor.go:43.27,45.18 2 1
pipeline/plexus/plexus_processor.go:52.5,63.82 5 1
pipeline/plexus/plexus_processor.go:70.5,70.30 1 1
pipeline/plexus/plexus_processor.go:73.5,76.25 3 1
pipeline/plexus/plexus_processor.go:45.18,46.37 1 1
pipeline/plexus/plexus_processor.go:46.37,49.10 2 0
pipeline/plexus/plexus_processor.go:63.82,64.28 1 1
pipeline/plexus/plexus_processor.go:68.9,68.19 1 1
pipeline/plexus/plexus_processor.go:64.28,66.10 1 1
pipeline/plexus/plexus_processor.go:70.30,72.6 1 1
pipeline/plexus/plexus_processor.go:79.52,83.68 2 1
pipeline/plexus/plexus_processor.go:89.5,95.24 5 1
pipeline/plexus/plexus_processor.go:106.5,109.27 3 1
pipeline/plexus/plexus_processor.go:83.68,86.6 1 1
pipeline/plexus/plexus_processor.go:95.24,98.31 3 0
pipeline/plexus/plexus_processor.go:98.31,102.10 3 0
pipeline/plexus/plexus_processor.go:113.148,119.44 4 1
pipeline/plexus/plexus_processor.go:173.5,173.25 1 1
pipeline/plexus/plexus_processor.go:119.44,129.40 7 1
pipeline/plexus/plexus_processor.go:170.9,171.44 2 1
pipeline/plexus/plexus_processor.go:129.40,135.54 3 1
pipeline/plexus/plexus_processor.go:140.13,145.43 5 1
pipeline/plexus/plexus_processor.go:166.13,166.26 1 1
pipeline/plexus/plexus_processor.go:135.54,137.14 1 0
pipeline/plexus/plexus_processor.go:145.43,149.38 3 1
pipeline/plexus/plexus_processor.go:149.38,154.59 3 1
pipeline/plexus/plexus_processor.go:154.59,160.60 4 1
pipeline/plexus/plexus_processor.go:160.60,162.26 1 0
pipeline/plexus/plexus_processor.go:176.54,182.2 4 1
pipeline/plexus/plexus_processor.go:202.53,220.2 10 1
